<?xml version="1.0" encoding="UTF-8"?>
<!-- Generated by org.testng.reporters.JUnitXMLReporter -->
<testsuite ignored="0" hostname="DESKTOP-3IHO2RA" failures="0" tests="8" name="Default test" time="62.306" errors="0" timestamp="2024-05-31T19:56:06 IST">
  <testcase classname="testpkg.Turtletest" name="popuptest" time="7.237"/>
  <testcase classname="testpkg.Turtletest" name="logintest" time="20.729"/>
  <testcase classname="testpkg.Turtletest" name="logonmenu" time="0.078"/>
  <testcase classname="testpkg.Turtletest" name="linksandmenus" time="1.168"/>
  <testcase classname="testpkg.Turtletest" name="dropnTitle" time="3.585"/>
  <testcase classname="testpkg.Turtletest" name="shirts" time="5.427"/>
  <testcase classname="testpkg.Turtletest" name="denims" time="9.09"/>
  <testcase classname="testpkg.Turtletest" name="screenshots" time="2.461"/>
</testsuite> <!-- Default test -->
