<?xml version="1.0" encoding="UTF-8"?>
<testng-results ignored="0" total="8" passed="8" failed="0" skipped="0">
  <reporter-output>
  </reporter-output>
  <suite started-at="2024-05-31T19:55:03 IST" name="Default suite" finished-at="2024-05-31T19:56:06 IST" duration-ms="62306">
    <groups>
    </groups>
    <test started-at="2024-05-31T19:55:03 IST" name="Default test" finished-at="2024-05-31T19:56:06 IST" duration-ms="62306">
      <class name="testpkg.Turtletest">
        <test-method is-config="true" signature="setup()[pri:0, instance:testpkg.Turtletest@644baf4a]" started-at="2024-05-31T19:55:03 IST" name="setup" finished-at="2024-05-31T19:55:16 IST" duration-ms="12193" status="PASS">
          <reporter-output>
          </reporter-output>
        </test-method> <!-- setup -->
        <test-method is-config="true" signature="befmthd()[pri:0, instance:testpkg.Turtletest@644baf4a]" started-at="2024-05-31T19:55:16 IST" name="befmthd" finished-at="2024-05-31T19:55:16 IST" duration-ms="99" status="PASS">
          <reporter-output>
          </reporter-output>
        </test-method> <!-- befmthd -->
        <test-method signature="popuptest()[pri:1, instance:testpkg.Turtletest@644baf4a]" started-at="2024-05-31T19:55:16 IST" name="popuptest" finished-at="2024-05-31T19:55:23 IST" duration-ms="7237" status="PASS">
          <reporter-output>
          </reporter-output>
        </test-method> <!-- popuptest -->
        <test-method is-config="true" signature="befmthd()[pri:0, instance:testpkg.Turtletest@644baf4a]" started-at="2024-05-31T19:55:23 IST" name="befmthd" finished-at="2024-05-31T19:55:23 IST" duration-ms="6" status="PASS">
          <reporter-output>
          </reporter-output>
        </test-method> <!-- befmthd -->
        <test-method signature="logintest()[pri:2, instance:testpkg.Turtletest@644baf4a]" started-at="2024-05-31T19:55:23 IST" name="logintest" finished-at="2024-05-31T19:55:44 IST" duration-ms="20729" status="PASS">
          <reporter-output>
          </reporter-output>
        </test-method> <!-- logintest -->
        <test-method is-config="true" signature="befmthd()[pri:0, instance:testpkg.Turtletest@644baf4a]" started-at="2024-05-31T19:55:44 IST" name="befmthd" finished-at="2024-05-31T19:55:44 IST" duration-ms="3" status="PASS">
          <reporter-output>
          </reporter-output>
        </test-method> <!-- befmthd -->
        <test-method signature="logonmenu()[pri:3, instance:testpkg.Turtletest@644baf4a]" started-at="2024-05-31T19:55:44 IST" name="logonmenu" finished-at="2024-05-31T19:55:44 IST" duration-ms="78" status="PASS">
          <reporter-output>
          </reporter-output>
        </test-method> <!-- logonmenu -->
        <test-method is-config="true" signature="befmthd()[pri:0, instance:testpkg.Turtletest@644baf4a]" started-at="2024-05-31T19:55:44 IST" name="befmthd" finished-at="2024-05-31T19:55:44 IST" duration-ms="9" status="PASS">
          <reporter-output>
          </reporter-output>
        </test-method> <!-- befmthd -->
        <test-method signature="linksandmenus()[pri:4, instance:testpkg.Turtletest@644baf4a]" started-at="2024-05-31T19:55:44 IST" name="linksandmenus" finished-at="2024-05-31T19:55:45 IST" duration-ms="1168" status="PASS">
          <reporter-output>
          </reporter-output>
        </test-method> <!-- linksandmenus -->
        <test-method is-config="true" signature="befmthd()[pri:0, instance:testpkg.Turtletest@644baf4a]" started-at="2024-05-31T19:55:45 IST" name="befmthd" finished-at="2024-05-31T19:55:45 IST" duration-ms="4" status="PASS">
          <reporter-output>
          </reporter-output>
        </test-method> <!-- befmthd -->
        <test-method signature="dropnTitle()[pri:5, instance:testpkg.Turtletest@644baf4a]" started-at="2024-05-31T19:55:45 IST" name="dropnTitle" finished-at="2024-05-31T19:55:49 IST" duration-ms="3585" status="PASS">
          <reporter-output>
          </reporter-output>
        </test-method> <!-- dropnTitle -->
        <test-method is-config="true" signature="befmthd()[pri:0, instance:testpkg.Turtletest@644baf4a]" started-at="2024-05-31T19:55:49 IST" name="befmthd" finished-at="2024-05-31T19:55:49 IST" duration-ms="5" status="PASS">
          <reporter-output>
          </reporter-output>
        </test-method> <!-- befmthd -->
        <test-method signature="shirts()[pri:6, instance:testpkg.Turtletest@644baf4a]" started-at="2024-05-31T19:55:49 IST" name="shirts" finished-at="2024-05-31T19:55:54 IST" duration-ms="5427" status="PASS">
          <reporter-output>
          </reporter-output>
        </test-method> <!-- shirts -->
        <test-method is-config="true" signature="befmthd()[pri:0, instance:testpkg.Turtletest@644baf4a]" started-at="2024-05-31T19:55:54 IST" name="befmthd" finished-at="2024-05-31T19:55:54 IST" duration-ms="7" status="PASS">
          <reporter-output>
          </reporter-output>
        </test-method> <!-- befmthd -->
        <test-method signature="denims()[pri:7, instance:testpkg.Turtletest@644baf4a]" started-at="2024-05-31T19:55:54 IST" name="denims" finished-at="2024-05-31T19:56:03 IST" duration-ms="9090" status="PASS">
          <reporter-output>
          </reporter-output>
        </test-method> <!-- denims -->
        <test-method is-config="true" signature="befmthd()[pri:0, instance:testpkg.Turtletest@644baf4a]" started-at="2024-05-31T19:56:03 IST" name="befmthd" finished-at="2024-05-31T19:56:03 IST" duration-ms="18" status="PASS">
          <reporter-output>
          </reporter-output>
        </test-method> <!-- befmthd -->
        <test-method signature="screenshots()[pri:8, instance:testpkg.Turtletest@644baf4a]" started-at="2024-05-31T19:56:03 IST" name="screenshots" finished-at="2024-05-31T19:56:06 IST" duration-ms="2461" status="PASS">
          <reporter-output>
          </reporter-output>
        </test-method> <!-- screenshots -->
      </class> <!-- testpkg.Turtletest -->
    </test> <!-- Default test -->
  </suite> <!-- Default suite -->
</testng-results>
